<?xml version="1.0" encoding="UTF-8"?>
<robot generator="Robot 3.2.2 (Python 3.10.11 on win32)" generated="20240118 14:18:53.441" rpa="false">
<suite id="s1" name="Test BigIO" source="D:\UTS\UTS_Praktikum_007\Test_BigIO">
<suite id="s1-s1" name="Test" source="D:\UTS\UTS_Praktikum_007\Test_BigIO\test">
<suite id="s1-s1-s1" name="UserSManagement" source="D:\UTS\UTS_Praktikum_007\Test_BigIO\test\UserSManagement.robot">
<test id="s1-s1-s1-t1" name="UserSManagement02">
<kw name="Open Browser" library="SeleniumLibrary">
<doc>Opens a new browser instance to the optional ``url``.</doc>
<arguments>
<arg>https://www.deepl.com/translator</arg>
<arg>edge</arg>
</arguments>
<msg timestamp="20240118 14:18:53.873" level="INFO">Opening browser 'edge' to base url 'https://www.deepl.com/translator'.</msg>
<msg timestamp="20240118 14:18:53.888" level="INFO">Applicable driver not found; attempting to install with Selenium Manager (Beta)</msg>
<status status="PASS" starttime="20240118 14:18:53.872" endtime="20240118 14:19:13.417"></status>
</kw>
<kw name="Set Selenium Implicit Wait" library="SeleniumLibrary">
<doc>Sets the implicit wait value used by Selenium.</doc>
<arguments>
<arg>5</arg>
</arguments>
<status status="PASS" starttime="20240118 14:19:13.417" endtime="20240118 14:19:13.422"></status>
</kw>
<kw name="Click Element" library="SeleniumLibrary">
<doc>Click the element identified by ``locator``.</doc>
<arguments>
<arg>//*[@id="gatsby-focus-wrapper"]/header/div/div/div/button</arg>
</arguments>
<msg timestamp="20240118 14:19:13.425" level="INFO">Clicking element '//*[@id="gatsby-focus-wrapper"]/header/div/div/div/button'.</msg>
<status status="PASS" starttime="20240118 14:19:13.423" endtime="20240118 14:19:13.546"></status>
</kw>
<kw name="Sleep" library="BuiltIn">
<doc>Pauses the test executed for the given time.</doc>
<arguments>
<arg>6</arg>
</arguments>
<msg timestamp="20240118 14:19:19.554" level="INFO">Slept 6 seconds</msg>
<status status="PASS" starttime="20240118 14:19:13.546" endtime="20240118 14:19:19.554"></status>
</kw>
<kw name="Input Text" library="SeleniumLibrary">
<doc>Types the given ``text`` into the text field identified by ``locator``.</doc>
<arguments>
<arg>//*[@id="menu-login-username"]</arg>
<arg>angelica2014@gmail.com</arg>
</arguments>
<msg timestamp="20240118 14:19:19.556" level="INFO">Typing text 'angelica2014@gmail.com' into text field '//*[@id="menu-login-username"]'.</msg>
<status status="PASS" starttime="20240118 14:19:19.555" endtime="20240118 14:19:24.767"></status>
</kw>
<kw name="Sleep" library="BuiltIn">
<doc>Pauses the test executed for the given time.</doc>
<arguments>
<arg>7</arg>
</arguments>
<msg timestamp="20240118 14:19:31.776" level="INFO">Slept 7 seconds</msg>
<status status="PASS" starttime="20240118 14:19:24.768" endtime="20240118 14:19:31.776"></status>
</kw>
<kw name="Input Text" library="SeleniumLibrary">
<doc>Types the given ``text`` into the text field identified by ``locator``.</doc>
<arguments>
<arg>//*[@id="menu-login-password"]</arg>
<arg>Angelc4nt1k.</arg>
</arguments>
<msg timestamp="20240118 14:19:31.778" level="INFO">Typing text 'Angelc4nt1k.' into text field '//*[@id="menu-login-password"]'.</msg>
<status status="PASS" starttime="20240118 14:19:31.777" endtime="20240118 14:19:31.914"></status>
</kw>
<kw name="Sleep" library="BuiltIn">
<doc>Pauses the test executed for the given time.</doc>
<arguments>
<arg>5</arg>
</arguments>
<msg timestamp="20240118 14:19:36.921" level="INFO">Slept 5 seconds</msg>
<status status="PASS" starttime="20240118 14:19:31.914" endtime="20240118 14:19:36.922"></status>
</kw>
<kw name="Click Element" library="SeleniumLibrary">
<doc>Click the element identified by ``locator``.</doc>
<arguments>
<arg>//*[@id="menu-login-submit"]</arg>
</arguments>
<msg timestamp="20240118 14:19:36.924" level="INFO">Clicking element '//*[@id="menu-login-submit"]'.</msg>
<status status="PASS" starttime="20240118 14:19:36.923" endtime="20240118 14:19:37.036"></status>
</kw>
<kw name="Sleep" library="BuiltIn">
<doc>Pauses the test executed for the given time.</doc>
<arguments>
<arg>6</arg>
</arguments>
<msg timestamp="20240118 14:19:43.043" level="INFO">Slept 6 seconds</msg>
<status status="PASS" starttime="20240118 14:19:37.037" endtime="20240118 14:19:43.045"></status>
</kw>
<kw name="Click Element" library="SeleniumLibrary">
<doc>Click the element identified by ``locator``.</doc>
<arguments>
<arg>//*[@id="usernav-button"]/span</arg>
</arguments>
<msg timestamp="20240118 14:19:43.048" level="INFO">Clicking element '//*[@id="usernav-button"]/span'.</msg>
<status status="PASS" starttime="20240118 14:19:43.046" endtime="20240118 14:19:43.923"></status>
</kw>
<kw name="Sleep" library="BuiltIn">
<doc>Pauses the test executed for the given time.</doc>
<arguments>
<arg>5</arg>
</arguments>
<msg timestamp="20240118 14:19:48.927" level="INFO">Slept 5 seconds</msg>
<status status="PASS" starttime="20240118 14:19:43.923" endtime="20240118 14:19:48.927"></status>
</kw>
<kw name="Click Element" library="SeleniumLibrary">
<doc>Click the element identified by ``locator``.</doc>
<arguments>
<arg>xPath=/html/body/div[1]/div[1]/header/div/div/div/div[2]/div[1]/nav/ul[1]/li/a/span/div</arg>
</arguments>
<msg timestamp="20240118 14:19:48.930" level="INFO">Clicking element 'xPath=/html/body/div[1]/div[1]/header/div/div/div/div[2]/div[1]/nav/ul[1]/li/a/span/div'.</msg>
<status status="PASS" starttime="20240118 14:19:48.928" endtime="20240118 14:20:00.024"></status>
</kw>
<kw name="Sleep" library="BuiltIn">
<doc>Pauses the test executed for the given time.</doc>
<arguments>
<arg>5</arg>
</arguments>
<msg timestamp="20240118 14:20:05.035" level="INFO">Slept 5 seconds</msg>
<status status="PASS" starttime="20240118 14:20:00.025" endtime="20240118 14:20:05.035"></status>
</kw>
<kw name="Click Element" library="SeleniumLibrary">
<doc>Click the element identified by ``locator``.</doc>
<arguments>
<arg>//*[@id="headlessui-tabs-panel-30"]/div/div[1]/div/div[2]/div[3]/button</arg>
</arguments>
<msg timestamp="20240118 14:20:05.037" level="INFO">Clicking element '//*[@id="headlessui-tabs-panel-30"]/div/div[1]/div/div[2]/div[3]/button'.</msg>
<status status="PASS" starttime="20240118 14:20:05.036" endtime="20240118 14:20:05.183"></status>
</kw>
<kw name="Sleep" library="BuiltIn">
<doc>Pauses the test executed for the given time.</doc>
<arguments>
<arg>7</arg>
</arguments>
<msg timestamp="20240118 14:20:12.198" level="INFO">Slept 7 seconds</msg>
<status status="PASS" starttime="20240118 14:20:05.183" endtime="20240118 14:20:12.198"></status>
</kw>
<kw name="Input Text" library="SeleniumLibrary">
<doc>Types the given ``text`` into the text field identified by ``locator``.</doc>
<arguments>
<arg>//*[@id="headlessui-tabs-panel-30"]/div/div[1]/div[2]/div/div[2]/form/div/label/div/div/div[2]/input</arg>
<arg>${EMPTY}</arg>
</arguments>
<msg timestamp="20240118 14:20:12.199" level="INFO">Typing text '' into text field '//*[@id="headlessui-tabs-panel-30"]/div/div[1]/div[2]/div/div[2]/form/div/label/div/div/div[2]/input'.</msg>
<status status="PASS" starttime="20240118 14:20:12.198" endtime="20240118 14:20:12.326"></status>
</kw>
<kw name="Click Element" library="SeleniumLibrary">
<doc>Click the element identified by ``locator``.</doc>
<arguments>
<arg>//*[@id="headlessui-tabs-panel-30"]/div/div[1]/div[2]/div/div[3]/button[2]</arg>
</arguments>
<msg timestamp="20240118 14:20:12.327" level="INFO">Clicking element '//*[@id="headlessui-tabs-panel-30"]/div/div[1]/div[2]/div/div[3]/button[2]'.</msg>
<status status="PASS" starttime="20240118 14:20:12.326" endtime="20240118 14:20:12.427"></status>
</kw>
<kw name="Sleep" library="BuiltIn">
<doc>Pauses the test executed for the given time.</doc>
<arguments>
<arg>8</arg>
</arguments>
<msg timestamp="20240118 14:20:20.440" level="INFO">Slept 8 seconds</msg>
<status status="PASS" starttime="20240118 14:20:12.428" endtime="20240118 14:20:20.440"></status>
</kw>
<kw name="Close Browser" library="SeleniumLibrary">
<doc>Closes the current browser.</doc>
<status status="PASS" starttime="20240118 14:20:20.441" endtime="20240118 14:20:22.639"></status>
</kw>
<kw name="Log" library="BuiltIn">
<doc>Logs the given message with the given level.</doc>
<arguments>
<arg>Test Completed</arg>
</arguments>
<msg timestamp="20240118 14:20:22.640" level="INFO">Test Completed</msg>
<status status="PASS" starttime="20240118 14:20:22.640" endtime="20240118 14:20:22.641"></status>
</kw>
<status status="PASS" starttime="20240118 14:18:53.871" endtime="20240118 14:20:22.641" critical="yes"></status>
</test>
<status status="PASS" starttime="20240118 14:18:53.524" endtime="20240118 14:20:22.643"></status>
</suite>
<status status="PASS" starttime="20240118 14:18:53.520" endtime="20240118 14:20:22.647"></status>
</suite>
<status status="PASS" starttime="20240118 14:18:53.481" endtime="20240118 14:20:22.649"></status>
</suite>
<statistics>
<total>
<stat pass="1" fail="0">Critical Tests</stat>
<stat pass="1" fail="0">All Tests</stat>
</total>
<tag>
</tag>
<suite>
<stat pass="1" fail="0" id="s1" name="Test BigIO">Test BigIO</stat>
<stat pass="1" fail="0" id="s1-s1" name="Test">Test BigIO.Test</stat>
<stat pass="1" fail="0" id="s1-s1-s1" name="UserSManagement">Test BigIO.Test.UserSManagement</stat>
</suite>
</statistics>
<errors>
</errors>
</robot>
